0 info it worked if it ends with ok
1 verbose cli [ 'C:\\Program Files\\nodejs\\node.exe',
1 verbose cli   'C:\\Program Files\\nodejs\\node_modules\\npm\\bin\\npm-cli.js',
1 verbose cli   'run',
1 verbose cli   'bayside',
1 verbose cli   'createProject',
1 verbose cli   'app' ]
2 info using npm@3.3.12
3 info using node@v5.1.0
4 verbose stack Error: missing script: bayside
4 verbose stack     at run (C:\Program Files\nodejs\node_modules\npm\lib\run-script.js:147:19)
4 verbose stack     at C:\Program Files\nodejs\node_modules\npm\lib\run-script.js:57:5
4 verbose stack     at C:\Program Files\nodejs\node_modules\npm\node_modules\read-package-json\read-json.js:345:5
4 verbose stack     at handleExists (C:\Program Files\nodejs\node_modules\npm\node_modules\read-package-json\read-json.js:318:20)
4 verbose stack     at FSReqWrap.cb [as oncomplete] (fs.js:216:19)
5 verbose cwd C:\Projects\Visual Studio Code\bayside
6 error Windows_NT 10.0.14393
7 error argv "C:\\Program Files\\nodejs\\node.exe" "C:\\Program Files\\nodejs\\node_modules\\npm\\bin\\npm-cli.js" "run" "bayside" "createProject" "app"
8 error node v5.1.0
9 error npm  v3.3.12
10 error missing script: bayside
11 error If you need help, you may report this error at:
11 error     <https://github.com/npm/npm/issues>
12 verbose exit [ 1, true ]
